0 info it worked if it ends with ok
1 verbose cli [ 'node', '/usr/local/bin/npm', 'install', '-g', 'jshint' ]
2 info using npm@2.0.0
3 info using node@v0.10.20
4 verbose cache add [ 'jshint', null ]
5 verbose cache add spec="jshint" args=["jshint",null]
6 verbose parsed spec { raw: 'jshint',
6 verbose parsed spec   scope: null,
6 verbose parsed spec   name: 'jshint',
6 verbose parsed spec   rawSpec: '',
6 verbose parsed spec   spec: '*',
6 verbose parsed spec   type: 'range' }
7 verbose parsed spec { raw: 'jshint',
7 verbose parsed spec   scope: null,
7 verbose parsed spec   name: 'jshint',
7 verbose parsed spec   rawSpec: '',
7 verbose parsed spec   spec: '*',
7 verbose parsed spec   type: 'range' }
8 verbose addNamed [ 'jshint', '*' ]
9 verbose addNamed [ null, '*' ]
10 silly lockFile a9f07da1-jshint jshint@*
11 verbose lock jshint@* /Users/tnguyen/.npm/a9f07da1-jshint.lock
12 silly addNameRange { name: 'jshint', range: '*', hasData: false }
13 verbose mapToRegistry name jshint
14 verbose mapToRegistry uri https://registry.npmjs.org/jshint
15 verbose request on initialization, where is /jshint
16 verbose request after pass 1, where is /jshint
17 verbose request url raw /jshint
18 verbose request resolving registry [ 'https://registry.npmjs.org/', './jshint' ]
19 verbose request after pass 2, where is https://registry.npmjs.org/jshint
20 verbose request no auth needed
21 info attempt registry request try #1 at 11:38:33
22 verbose request id cfd253b487a5cc3f
23 verbose etag "7WNZE3L2Q9U2LVGQLHMWHMWF2"
24 http request GET https://registry.npmjs.org/jshint
25 http 200 https://registry.npmjs.org/jshint
26 silly registry.get cb [ 200,
26 silly registry.get   { date: 'Thu, 02 Oct 2014 18:38:34 GMT',
26 silly registry.get     server: 'CouchDB/1.5.0 (Erlang OTP/R16B03)',
26 silly registry.get     etag: '"7BWS6UVQ47EBE312U5VBXSRWH"',
26 silly registry.get     'content-type': 'application/json',
26 silly registry.get     'cache-control': 'max-age=60',
26 silly registry.get     'content-length': '80039',
26 silly registry.get     'accept-ranges': 'bytes',
26 silly registry.get     via: '1.1 varnish',
26 silly registry.get     age: '306',
26 silly registry.get     'x-served-by': 'cache-lax1420-LAX',
26 silly registry.get     'x-cache': 'HIT',
26 silly registry.get     'x-cache-hits': '1',
26 silly registry.get     'x-timer': 'S1412275114.301606,VS0,VE0',
26 silly registry.get     vary: 'Accept',
26 silly registry.get     'keep-alive': 'timeout=10, max=50',
26 silly registry.get     connection: 'Keep-Alive' } ]
27 silly addNameRange number 2 { name: 'jshint', range: '*', hasData: true }
28 silly addNameRange versions [ 'jshint',
28 silly addNameRange   [ '0.1.8',
28 silly addNameRange     '0.1.9',
28 silly addNameRange     '0.2.0',
28 silly addNameRange     '0.2.1',
28 silly addNameRange     '0.2.2',
28 silly addNameRange     '0.2.3',
28 silly addNameRange     '0.3.0',
28 silly addNameRange     '0.3.1',
28 silly addNameRange     '0.4.0',
28 silly addNameRange     '0.5.0',
28 silly addNameRange     '0.5.1',
28 silly addNameRange     '0.5.2',
28 silly addNameRange     '0.5.3',
28 silly addNameRange     '0.5.4',
28 silly addNameRange     '0.5.5',
28 silly addNameRange     '0.5.6',
28 silly addNameRange     '0.5.7',
28 silly addNameRange     '0.5.8',
28 silly addNameRange     '0.5.9',
28 silly addNameRange     '0.6.0',
28 silly addNameRange     '0.6.1',
28 silly addNameRange     '0.6.2',
28 silly addNameRange     '0.6.3',
28 silly addNameRange     '0.7.0',
28 silly addNameRange     '0.7.1',
28 silly addNameRange     '0.7.2',
28 silly addNameRange     '0.7.3',
28 silly addNameRange     '0.8.0',
28 silly addNameRange     '0.8.1',
28 silly addNameRange     '0.8.2',
28 silly addNameRange     '0.9.0',
28 silly addNameRange     '0.9.1',
28 silly addNameRange     '1.0.0',
28 silly addNameRange     '1.1.0',
28 silly addNameRange     '2.0.0',
28 silly addNameRange     '2.0.1',
28 silly addNameRange     '2.1.0',
28 silly addNameRange     '2.1.1',
28 silly addNameRange     '2.1.2',
28 silly addNameRange     '2.1.3',
28 silly addNameRange     '2.1.4',
28 silly addNameRange     '2.1.5',
28 silly addNameRange     '2.1.6',
28 silly addNameRange     '2.1.7',
28 silly addNameRange     '2.1.8',
28 silly addNameRange     '2.1.9',
28 silly addNameRange     '2.1.10',
28 silly addNameRange     '2.1.11',
28 silly addNameRange     '2.2.0',
28 silly addNameRange     '2.3.0',
28 silly addNameRange     '2.4.0',
28 silly addNameRange     '2.4.1',
28 silly addNameRange     '2.4.2',
28 silly addNameRange     '2.4.3',
28 silly addNameRange     '2.4.4',
28 silly addNameRange     '2.5.0',
28 silly addNameRange     '2.5.1',
28 silly addNameRange     '2.5.2',
28 silly addNameRange     '2.5.3',
28 silly addNameRange     '2.5.4',
28 silly addNameRange     '2.5.5',
28 silly addNameRange     '2.5.6' ] ]
29 verbose addNamed [ 'jshint', '2.5.6' ]
30 verbose addNamed [ '2.5.6', '2.5.6' ]
31 silly lockFile 4bfe2867-jshint-2-5-6 jshint@2.5.6
32 verbose lock jshint@2.5.6 /Users/tnguyen/.npm/4bfe2867-jshint-2-5-6.lock
33 silly lockFile 4bfe2867-jshint-2-5-6 jshint@2.5.6
34 silly lockFile 4bfe2867-jshint-2-5-6 jshint@2.5.6
35 silly lockFile a9f07da1-jshint jshint@*
36 silly lockFile a9f07da1-jshint jshint@*
37 silly resolved [ { name: 'jshint',
37 silly resolved     version: '2.5.6',
37 silly resolved     homepage: 'http://jshint.com/',
37 silly resolved     description: 'Static analysis tool for JavaScript',
37 silly resolved     author:
37 silly resolved      { name: 'Anton Kovalyov',
37 silly resolved        email: 'anton@kovalyov.net',
37 silly resolved        url: 'http://anton.kovalyov.net/' },
37 silly resolved     repository: { type: 'git', url: 'https://github.com/jshint/jshint.git' },
37 silly resolved     bugs: { url: 'https://github.com/jshint/jshint/issues' },
37 silly resolved     bin: { jshint: './bin/jshint' },
37 silly resolved     scripts:
37 silly resolved      { data: 'node scripts/generate-identifier-data',
37 silly resolved        build: 'node bin/build',
37 silly resolved        test: 'nodeunit tests tests/regression tests/unit',
37 silly resolved        pretest: 'jshint src' },
37 silly resolved     main: './src/jshint.js',
37 silly resolved     dependencies:
37 silly resolved      { shelljs: '0.3.x',
37 silly resolved        underscore: '1.6.x',
37 silly resolved        cli: '0.6.x',
37 silly resolved        minimatch: '1.0.x',
37 silly resolved        htmlparser2: '3.7.x',
37 silly resolved        'console-browserify': '1.1.x',
37 silly resolved        exit: '0.1.x',
37 silly resolved        'strip-json-comments': '1.0.x' },
37 silly resolved     devDependencies:
37 silly resolved      { jshint: '2.5.x',
37 silly resolved        browserify: '5.x',
37 silly resolved        coveraje: '0.2.x',
37 silly resolved        nodeunit: '0.9.x',
37 silly resolved        sinon: '1.10.x',
37 silly resolved        'unicode-6.3.0': '0.1.x',
37 silly resolved        regenerate: '0.6.x' },
37 silly resolved     licenses: [ [Object] ],
37 silly resolved     preferGlobal: true,
37 silly resolved     files: [ 'bin', 'src', 'data', 'dist' ],
37 silly resolved     gitHead: '17e9355cd27ef53c76c82e9c8514118eabe25ffe',
37 silly resolved     _id: 'jshint@2.5.6',
37 silly resolved     _shasum: '1685ce1f9e1c74832375d83fe89728589bd9d8c7',
37 silly resolved     _from: 'jshint@*',
37 silly resolved     _npmVersion: '1.5.0-alpha-1',
37 silly resolved     _npmUser: { name: 'rwaldron', email: 'waldron.rick@gmail.com' },
37 silly resolved     maintainers: [ [Object], [Object] ],
37 silly resolved     dist:
37 silly resolved      { shasum: '1685ce1f9e1c74832375d83fe89728589bd9d8c7',
37 silly resolved        tarball: 'http://registry.npmjs.org/jshint/-/jshint-2.5.6.tgz' },
37 silly resolved     directories: {},
37 silly resolved     _resolved: 'https://registry.npmjs.org/jshint/-/jshint-2.5.6.tgz',
37 silly resolved     readme: 'ERROR: No README data found!' } ]
38 info install jshint@2.5.6 into /usr/local/lib
39 info installOne jshint@2.5.6
40 verbose lib/node_modules/jshint unbuild
41 verbose gentlyRm vacuuming /usr/local/lib/node_modules/jshint
42 verbose tar unpack /Users/tnguyen/.npm/jshint/2.5.6/package.tgz
43 silly lockFile 59dfcd45-sr-local-lib-node-modules-jshint tar:///usr/local/lib/node_modules/jshint
44 verbose lock tar:///usr/local/lib/node_modules/jshint /Users/tnguyen/.npm/59dfcd45-sr-local-lib-node-modules-jshint.lock
45 silly lockFile 00f122fa-yen-npm-jshint-2-5-6-package-tgz tar:///Users/tnguyen/.npm/jshint/2.5.6/package.tgz
46 verbose lock tar:///Users/tnguyen/.npm/jshint/2.5.6/package.tgz /Users/tnguyen/.npm/00f122fa-yen-npm-jshint-2-5-6-package-tgz.lock
47 verbose gentlyRm vacuuming /usr/local/lib/node_modules/jshint
48 silly gunzTarPerm modes [ '755', '644' ]
49 verbose fstream_path /usr/local/lib/node_modules/jshint
50 verbose fstream_type Directory
51 verbose fstream_class DirWriter
52 verbose stack Error: EACCES, mkdir '/usr/local/lib/node_modules/jshint'
53 verbose fstream_stack /usr/local/lib/node_modules/npm/node_modules/fstream/lib/dir-writer.js:36:23
53 verbose fstream_stack /usr/local/lib/node_modules/npm/node_modules/mkdirp/index.js:46:53
53 verbose fstream_stack Object.oncomplete (fs.js:107:15)
54 verbose cwd /Users/tnguyen/Documents/Mocha Test
55 error Darwin 13.3.0
56 error argv "node" "/usr/local/bin/npm" "install" "-g" "jshint"
57 error node v0.10.20
58 error npm  v2.0.0
59 error path /usr/local/lib/node_modules/jshint
60 error code EACCES
61 error errno 3
62 error Error: EACCES, mkdir '/usr/local/lib/node_modules/jshint'
62 error  { [Error: EACCES, mkdir '/usr/local/lib/node_modules/jshint']
62 error   errno: 3,
62 error   code: 'EACCES',
62 error   path: '/usr/local/lib/node_modules/jshint',
62 error   fstream_type: 'Directory',
62 error   fstream_path: '/usr/local/lib/node_modules/jshint',
62 error   fstream_class: 'DirWriter',
62 error   fstream_stack:
62 error    [ '/usr/local/lib/node_modules/npm/node_modules/fstream/lib/dir-writer.js:36:23',
62 error      '/usr/local/lib/node_modules/npm/node_modules/mkdirp/index.js:46:53',
62 error      'Object.oncomplete (fs.js:107:15)' ] }
63 error Please try running this command again as root/Administrator.
64 verbose exit [ 3, true ]
